This is pdfTeX, Version 3.141592653-2.6-1.40.23 (TeX Live 2021/W32TeX) (preloaded format=pdflatex 2021.10.1)  12 APR 2022 13:21
entering extended mode
 restricted \write18 enabled.
 %&-line parsing enabled.
**main.tex
(./main.tex
LaTeX2e <2021-06-01> patch level 1
L3 programming layer <2021-08-27>
(c:/tools/TinyTeX/texmf-dist/tex/latex/base/book.cls
Document Class: book 2021/02/12 v1.4n Standard LaTeX document class
(c:/tools/TinyTeX/texmf-dist/tex/latex/base/bk12.clo
File: bk12.clo 2021/02/12 v1.4n Standard LaTeX file (size option)
)
\c@part=\count182
\c@chapter=\count183
\c@section=\count184
\c@subsection=\count185
\c@subsubsection=\count186
\c@paragraph=\count187
\c@subparagraph=\count188
\c@figure=\count189
\c@table=\count190
\abovecaptionskip=\skip47
\belowcaptionskip=\skip48
\bibindent=\dimen138
)
(c:/tools/TinyTeX/texmf-dist/tex/latex/base/inputenc.sty
Package: inputenc 2021/02/14 v1.3d Input encoding file
\inpenc@prehook=\toks16
\inpenc@posthook=\toks17
)
(c:/tools/TinyTeX/texmf-dist/tex/latex/hyperref/hyperref.sty
Package: hyperref 2021-06-07 v7.00m Hypertext links for LaTeX

(c:/tools/TinyTeX/texmf-dist/tex/generic/ltxcmds/ltxcmds.sty
Package: ltxcmds 2020-05-10 v1.25 LaTeX kernel commands for general use (HO)
)
(c:/tools/TinyTeX/texmf-dist/tex/generic/iftex/iftex.sty
Package: iftex 2020/03/06 v1.0d TeX engine tests
)
(c:/tools/TinyTeX/texmf-dist/tex/generic/pdftexcmds/pdftexcmds.sty
Package: pdftexcmds 2020-06-27 v0.33 Utility functions of pdfTeX for LuaTeX (HO
)

(c:/tools/TinyTeX/texmf-dist/tex/generic/infwarerr/infwarerr.sty
Package: infwarerr 2019/12/03 v1.5 Providing info/warning/error messages (HO)
)
Package pdftexcmds Info: \pdf@primitive is available.
Package pdftexcmds Info: \pdf@ifprimitive is available.
Package pdftexcmds Info: \pdfdraftmode found.
)
(c:/tools/TinyTeX/texmf-dist/tex/latex/graphics/keyval.sty
Package: keyval 2014/10/28 v1.15 key=value parser (DPC)
\KV@toks@=\toks18
)
(c:/tools/TinyTeX/texmf-dist/tex/generic/kvsetkeys/kvsetkeys.sty
Package: kvsetkeys 2019/12/15 v1.18 Key value parser (HO)
)
(c:/tools/TinyTeX/texmf-dist/tex/generic/kvdefinekeys/kvdefinekeys.sty
Package: kvdefinekeys 2019-12-19 v1.6 Define keys (HO)
)
(c:/tools/TinyTeX/texmf-dist/tex/generic/pdfescape/pdfescape.sty
Package: pdfescape 2019/12/09 v1.15 Implements pdfTeX's escape features (HO)
)
(c:/tools/TinyTeX/texmf-dist/tex/latex/hycolor/hycolor.sty
Package: hycolor 2020-01-27 v1.10 Color options for hyperref/bookmark (HO)
)
(c:/tools/TinyTeX/texmf-dist/tex/latex/letltxmacro/letltxmacro.sty
Package: letltxmacro 2019/12/03 v1.6 Let assignment for LaTeX macros (HO)
)
(c:/tools/TinyTeX/texmf-dist/tex/latex/auxhook/auxhook.sty
Package: auxhook 2019-12-17 v1.6 Hooks for auxiliary files (HO)
)
(c:/tools/TinyTeX/texmf-dist/tex/latex/kvoptions/kvoptions.sty
Package: kvoptions 2020-10-07 v3.14 Key value format for package options (HO)
)
\@linkdim=\dimen139
\Hy@linkcounter=\count191
\Hy@pagecounter=\count192

(c:/tools/TinyTeX/texmf-dist/tex/latex/hyperref/pd1enc.def
File: pd1enc.def 2021-06-07 v7.00m Hyperref: PDFDocEncoding definition (HO)
Now handling font encoding PD1 ...
... no UTF-8 mapping file for font encoding PD1
)
(c:/tools/TinyTeX/texmf-dist/tex/latex/hyperref/hyperref-langpatches.def
File: hyperref-langpatches.def 2021-06-07 v7.00m Hyperref: patches for babel la
nguages
)
(c:/tools/TinyTeX/texmf-dist/tex/generic/intcalc/intcalc.sty
Package: intcalc 2019/12/15 v1.3 Expandable calculations with integers (HO)
)
(c:/tools/TinyTeX/texmf-dist/tex/generic/etexcmds/etexcmds.sty
Package: etexcmds 2019/12/15 v1.7 Avoid name clashes with e-TeX commands (HO)
)
\Hy@SavedSpaceFactor=\count193

(c:/tools/TinyTeX/texmf-dist/tex/latex/hyperref/puenc.def
File: puenc.def 2021-06-07 v7.00m Hyperref: PDF Unicode definition (HO)
Now handling font encoding PU ...
... no UTF-8 mapping file for font encoding PU
)
Package hyperref Info: Hyper figures OFF on input line 4192.
Package hyperref Info: Link nesting OFF on input line 4197.
Package hyperref Info: Hyper index ON on input line 4200.
Package hyperref Info: Plain pages OFF on input line 4207.
Package hyperref Info: Backreferencing OFF on input line 4212.
Package hyperref Info: Implicit mode ON; LaTeX internals redefined.
Package hyperref Info: Bookmarks ON on input line 4445.
\c@Hy@tempcnt=\count194

(c:/tools/TinyTeX/texmf-dist/tex/latex/url/url.sty
\Urlmuskip=\muskip16
Package: url 2013/09/16  ver 3.4  Verb mode for urls, etc.
)
LaTeX Info: Redefining \url on input line 4804.
\XeTeXLinkMargin=\dimen140

(c:/tools/TinyTeX/texmf-dist/tex/generic/bitset/bitset.sty
Package: bitset 2019/12/09 v1.3 Handle bit-vector datatype (HO)

(c:/tools/TinyTeX/texmf-dist/tex/generic/bigintcalc/bigintcalc.sty
Package: bigintcalc 2019/12/15 v1.5 Expandable calculations on big integers (HO
)
))
\Fld@menulength=\count195
\Field@Width=\dimen141
\Fld@charsize=\dimen142
Package hyperref Info: Hyper figures OFF on input line 6076.
Package hyperref Info: Link nesting OFF on input line 6081.
Package hyperref Info: Hyper index ON on input line 6084.
Package hyperref Info: backreferencing OFF on input line 6091.
Package hyperref Info: Link coloring OFF on input line 6096.
Package hyperref Info: Link coloring with OCG OFF on input line 6101.
Package hyperref Info: PDF/A mode OFF on input line 6106.
LaTeX Info: Redefining \ref on input line 6146.
LaTeX Info: Redefining \pageref on input line 6150.

(c:/tools/TinyTeX/texmf-dist/tex/latex/base/atbegshi-ltx.sty
Package: atbegshi-ltx 2021/01/10 v1.0c Emulation of the original atbegshi
package with kernel methods
)
\Hy@abspage=\count196
\c@Item=\count197
\c@Hfootnote=\count198
)
Package hyperref Info: Driver (autodetected): hpdftex.

(c:/tools/TinyTeX/texmf-dist/tex/latex/hyperref/hpdftex.def
File: hpdftex.def 2021-06-07 v7.00m Hyperref driver for pdfTeX

(c:/tools/TinyTeX/texmf-dist/tex/latex/base/atveryend-ltx.sty
Package: atveryend-ltx 2020/08/19 v1.0a Emulation of the original atvery packag
e
with kernel methods
)
\Fld@listcount=\count199
\c@bookmark@seq@number=\count266

(c:/tools/TinyTeX/texmf-dist/tex/latex/rerunfilecheck/rerunfilecheck.sty
Package: rerunfilecheck 2019/12/05 v1.9 Rerun checks for auxiliary files (HO)

(c:/tools/TinyTeX/texmf-dist/tex/generic/uniquecounter/uniquecounter.sty
Package: uniquecounter 2019/12/15 v1.4 Provide unlimited unique counter (HO)
)
Package uniquecounter Info: New unique counter `rerunfilecheck' on input line 2
86.
)
\Hy@SectionHShift=\skip49
)
(c:/tools/TinyTeX/texmf-dist/tex/latex/graphics/graphicx.sty
Package: graphicx 2020/12/05 v1.2c Enhanced LaTeX Graphics (DPC,SPQR)

(c:/tools/TinyTeX/texmf-dist/tex/latex/graphics/graphics.sty
Package: graphics 2021/03/04 v1.4d Standard LaTeX Graphics (DPC,SPQR)

(c:/tools/TinyTeX/texmf-dist/tex/latex/graphics/trig.sty
Package: trig 2016/01/03 v1.10 sin cos tan (DPC)
)
(c:/tools/TinyTeX/texmf-dist/tex/latex/graphics-cfg/graphics.cfg
File: graphics.cfg 2016/06/04 v1.11 sample graphics configuration
)
Package graphics Info: Driver file: pdftex.def on input line 107.

(c:/tools/TinyTeX/texmf-dist/tex/latex/graphics-def/pdftex.def
File: pdftex.def 2020/10/05 v1.2a Graphics/color driver for pdftex
))
\Gin@req@height=\dimen143
\Gin@req@width=\dimen144
)
(c:/tools/TinyTeX/texmf-dist/tex/latex/amsmath/amsmath.sty
Package: amsmath 2021/04/20 v2.17j AMS math features
\@mathmargin=\skip50

For additional information on amsmath, use the `?' option.
(c:/tools/TinyTeX/texmf-dist/tex/latex/amsmath/amstext.sty
Package: amstext 2000/06/29 v2.01 AMS text

(c:/tools/TinyTeX/texmf-dist/tex/latex/amsmath/amsgen.sty
File: amsgen.sty 1999/11/30 v2.0 generic functions
\@emptytoks=\toks19
\ex@=\dimen145
))
(c:/tools/TinyTeX/texmf-dist/tex/latex/amsmath/amsbsy.sty
Package: amsbsy 1999/11/29 v1.2d Bold Symbols
\pmbraise@=\dimen146
)
(c:/tools/TinyTeX/texmf-dist/tex/latex/amsmath/amsopn.sty
Package: amsopn 2016/03/08 v2.02 operator names
)
\inf@bad=\count267
LaTeX Info: Redefining \frac on input line 234.
\uproot@=\count268
\leftroot@=\count269
LaTeX Info: Redefining \overline on input line 399.
\classnum@=\count270
\DOTSCASE@=\count271
LaTeX Info: Redefining \ldots on input line 496.
LaTeX Info: Redefining \dots on input line 499.
LaTeX Info: Redefining \cdots on input line 620.
\Mathstrutbox@=\box50
\strutbox@=\box51
\big@size=\dimen147
LaTeX Font Info:    Redeclaring font encoding OML on input line 743.
LaTeX Font Info:    Redeclaring font encoding OMS on input line 744.
\macc@depth=\count272
\c@MaxMatrixCols=\count273
\dotsspace@=\muskip17
\c@parentequation=\count274
\dspbrk@lvl=\count275
\tag@help=\toks20
\row@=\count276
\column@=\count277
\maxfields@=\count278
\andhelp@=\toks21
\eqnshift@=\dimen148
\alignsep@=\dimen149
\tagshift@=\dimen150
\tagwidth@=\dimen151
\totwidth@=\dimen152
\lineht@=\dimen153
\@envbody=\toks22
\multlinegap=\skip51
\multlinetaggap=\skip52
\mathdisplay@stack=\toks23
LaTeX Info: Redefining \[ on input line 2923.
LaTeX Info: Redefining \] on input line 2924.
)
(c:/tools/TinyTeX/texmf-dist/tex/latex/l3backend/l3backend-pdftex.def
File: l3backend-pdftex.def 2021-08-04 L3 backend support: PDF output (pdfTeX)
\l__color_backend_stack_int=\count279
\l__pdf_internal_box=\box52
)
(./main.aux (./TeX_files/chapter01.aux) (./TeX_files/chapter02.aux)
(./TeX_files/chapter03.aux) (./TeX_files/chapter04.aux)
(./TeX_files/chapter05.aux) (./TeX_files/chapter06.aux

LaTeX Warning: Label `fig:index' multiply defined.

) (./TeX_files/chapter07.aux) (./TeX_files/chapter08.aux))
\openout1 = `main.aux'.

LaTeX Font Info:    Checking defaults for OML/cmm/m/it on input line 7.
LaTeX Font Info:    ... okay on input line 7.
LaTeX Font Info:    Checking defaults for OMS/cmsy/m/n on input line 7.
LaTeX Font Info:    ... okay on input line 7.
LaTeX Font Info:    Checking defaults for OT1/cmr/m/n on input line 7.
LaTeX Font Info:    ... okay on input line 7.
LaTeX Font Info:    Checking defaults for T1/cmr/m/n on input line 7.
LaTeX Font Info:    ... okay on input line 7.
LaTeX Font Info:    Checking defaults for TS1/cmr/m/n on input line 7.
LaTeX Font Info:    ... okay on input line 7.
LaTeX Font Info:    Checking defaults for OMX/cmex/m/n on input line 7.
LaTeX Font Info:    ... okay on input line 7.
LaTeX Font Info:    Checking defaults for U/cmr/m/n on input line 7.
LaTeX Font Info:    ... okay on input line 7.
LaTeX Font Info:    Checking defaults for PD1/pdf/m/n on input line 7.
LaTeX Font Info:    ... okay on input line 7.
LaTeX Font Info:    Checking defaults for PU/pdf/m/n on input line 7.
LaTeX Font Info:    ... okay on input line 7.
Package hyperref Info: Link coloring OFF on input line 7.

(c:/tools/TinyTeX/texmf-dist/tex/latex/hyperref/nameref.sty
Package: nameref 2021-04-02 v2.47 Cross-referencing by name of section

(c:/tools/TinyTeX/texmf-dist/tex/latex/refcount/refcount.sty
Package: refcount 2019/12/15 v3.6 Data extraction from label references (HO)
)
(c:/tools/TinyTeX/texmf-dist/tex/generic/gettitlestring/gettitlestring.sty
Package: gettitlestring 2019/12/15 v1.6 Cleanup title references (HO)
)
\c@section@level=\count280
)
LaTeX Info: Redefining \ref on input line 7.
LaTeX Info: Redefining \pageref on input line 7.
LaTeX Info: Redefining \nameref on input line 7.

(./main.out) (./main.out)
\@outlinefile=\write3
\openout3 = `main.out'.


(c:/tools/TinyTeX/texmf-dist/tex/latex/epstopdf-pkg/epstopdf-base.sty
Package: epstopdf-base 2020-01-24 v2.11 Base part for package epstopdf
Package epstopdf-base Info: Redefining graphics rule for `.eps' on input line 4
85.

(c:/tools/TinyTeX/texmf-dist/tex/latex/latexconfig/epstopdf-sys.cfg
File: epstopdf-sys.cfg 2010/07/13 v1.3 Configuration of (r)epstopdf for TeX Liv
e
)) [1



{c:/tools/TinyTeX/texmf-var/fonts/map/pdftex/updmap/pdftex.map}] [2

] (./main.toc)
\tf@toc=\write4
\openout4 = `main.toc'.


[3] [4

]
\openout2 = `./TeX_files/chapter01.aux'.

 (./TeX_files/chapter01.tex
Chapter 1.
<Assets/Images/Linux_command-line._Bash._GNOME_Terminal._screenshot.png, id=142
, 1027.84pt x 770.88pt>
File: Assets/Images/Linux_command-line._Bash._GNOME_Terminal._screenshot.png Gr
aphic file (type png)
<use Assets/Images/Linux_command-line._Bash._GNOME_Terminal._screenshot.png>
Package pdftex.def Info: Assets/Images/Linux_command-line._Bash._GNOME_Terminal
._screenshot.png  used on input line 8.
(pdftex.def)             Requested size: 195.0pt x 146.24522pt.
[1


 <./Assets/Images/Linux_command-line._Bash._GNOME_Terminal._screenshot.png>]
[2]) [3]
\openout2 = `./TeX_files/chapter02.aux'.

 (./TeX_files/chapter02.tex [4




]
Chapter 2.
<Assets/Images/data type/type.jpg, id=163, 182.18062pt x 158.09062pt>
File: Assets/Images/data type/type.jpg Graphic file (type jpg)
<use Assets/Images/data type/type.jpg>
Package pdftex.def Info: Assets/Images/data type/type.jpg  used on input line 5
.
(pdftex.def)             Requested size: 182.18016pt x 158.09023pt.
) [5 <./Assets/Images/data type/type.JPG>]
\openout2 = `./TeX_files/chapter03.aux'.

 (./TeX_files/chapter03.tex [6




]
Chapter 3.
) [7]
\openout2 = `./TeX_files/chapter04.aux'.

 (./TeX_files/chapter04.tex [8




]
Chapter 4.
) [9]
\openout2 = `./TeX_files/chapter05.aux'.

 (./TeX_files/chapter05.tex [10




]
Chapter 5.
[11] [12]) [13]
\openout2 = `./TeX_files/chapter06.aux'.

 (./TeX_files/chapter06.tex [14




]
Chapter 6.
<Assets/Images/Pandas/import.jpg, id=229, 146.79843pt x 51.19125pt>
File: Assets/Images/Pandas/import.jpg Graphic file (type jpg)
<use Assets/Images/Pandas/import.jpg>
Package pdftex.def Info: Assets/Images/Pandas/import.jpg  used on input line 7.

(pdftex.def)             Requested size: 146.79807pt x 51.19112pt.
<Assets/Images/Pandas/read data.jpg, id=230, 526.21594pt x 40.65187pt>
File: Assets/Images/Pandas/read data.jpg Graphic file (type jpg)
<use Assets/Images/Pandas/read data.jpg>
Package pdftex.def Info: Assets/Images/Pandas/read data.jpg  used on input line
 16.
(pdftex.def)             Requested size: 390.0pt x 30.13028pt.
<Assets/Images/Pandas/drugs.jpg, id=231, 765.6103pt x 145.29282pt>
File: Assets/Images/Pandas/drugs.jpg Graphic file (type jpg)
<use Assets/Images/Pandas/drugs.jpg>
Package pdftex.def Info: Assets/Images/Pandas/drugs.jpg  used on input line 24.

(pdftex.def)             Requested size: 390.0pt x 74.01189pt.
<Assets/Images/Pandas/head.jpg, id=232, 151.3153pt x 225.84375pt>
File: Assets/Images/Pandas/head.jpg Graphic file (type jpg)
<use Assets/Images/Pandas/head.jpg>
Package pdftex.def Info: Assets/Images/Pandas/head.jpg  used on input line 33.
(pdftex.def)             Requested size: 151.31493pt x 225.84319pt.
<Assets/Images/Pandas/head10.jpg, id=233, 135.50626pt x 296.60812pt>
File: Assets/Images/Pandas/head10.jpg Graphic file (type jpg)
<use Assets/Images/Pandas/head10.jpg>
Package pdftex.def Info: Assets/Images/Pandas/head10.jpg  used on input line 34
.
(pdftex.def)             Requested size: 135.5059pt x 296.60739pt.
[15 <./Assets/Images/Pandas/import.JPG> <./Assets/Images/Pandas/read data.JPG> 
<./Assets/Images/Pandas/drugs.JPG>]
<Assets/Images/Pandas/tail.jpg, id=242, 127.97812pt x 240.9pt>
File: Assets/Images/Pandas/tail.jpg Graphic file (type jpg)
<use Assets/Images/Pandas/tail.jpg>
Package pdftex.def Info: Assets/Images/Pandas/tail.jpg  used on input line 43.
(pdftex.def)             Requested size: 127.9778pt x 240.8994pt.
<Assets/Images/Pandas/tail11.jpg, id=243, 172.39406pt x 264.99pt>
File: Assets/Images/Pandas/tail11.jpg Graphic file (type jpg)
<use Assets/Images/Pandas/tail11.jpg>
Package pdftex.def Info: Assets/Images/Pandas/tail11.jpg  used on input line 44
.
(pdftex.def)             Requested size: 172.39363pt x 264.98935pt.
 [16 <./Assets/Images/Pandas/head.JPG> <./Assets/Images/Pandas/head10.JPG>]
<Assets/Images/Pandas/index_duplicates.jpg, id=249, 231.86626pt x 46.67438pt>
File: Assets/Images/Pandas/index_duplicates.jpg Graphic file (type jpg)
<use Assets/Images/Pandas/index_duplicates.jpg>
Package pdftex.def Info: Assets/Images/Pandas/index_duplicates.jpg  used on inp
ut line 54.
(pdftex.def)             Requested size: 231.86568pt x 46.67424pt.
<Assets/Images/Pandas/shape.jpg, id=250, 298.11375pt x 53.44969pt>
File: Assets/Images/Pandas/shape.jpg Graphic file (type jpg)
<use Assets/Images/Pandas/shape.jpg>
Package pdftex.def Info: Assets/Images/Pandas/shape.jpg  used on input line 63.

(pdftex.def)             Requested size: 298.11302pt x 53.44954pt.
) [17 <./Assets/Images/Pandas/tail.JPG> <./Assets/Images/Pandas/tail11.JPG> <./
Assets/Images/Pandas/index_duplicates.JPG>]
[18 <./Assets/Images/Pandas/shape.JPG>]
\openout2 = `./Tex_files/chapter07.aux'.

 (./TeX_files/chapter07.tex
Chapter 7.
) [19




]
\openout2 = `./Tex_files/chapter08.aux'.

 (./TeX_files/chapter08.tex [20




]
Chapter 8.
) [21] [22



] (./main.bbl) [23

] (./main.aux (./TeX_files/chapter01.aux)
(./TeX_files/chapter02.aux) (./TeX_files/chapter03.aux)
(./TeX_files/chapter04.aux) (./TeX_files/chapter05.aux)
(./TeX_files/chapter06.aux) (./TeX_files/chapter07.aux)
(./TeX_files/chapter08.aux))

LaTeX Warning: There were multiply-defined labels.

Package rerunfilecheck Info: File `main.out' has not changed.
(rerunfilecheck)             Checksum: DC780EED9744394138C10B15126225E8;3197.
 ) 
Here is how much of TeX's memory you used:
 8566 strings out of 480559
 129948 string characters out of 5901528
 434912 words of memory out of 5000000
 25942 multiletter control sequences out of 15000+600000
 411365 words of font info for 54 fonts, out of 8000000 for 9000
 14 hyphenation exceptions out of 8191
 60i,13n,66p,424b,368s stack positions out of 5000i,500n,10000p,200000b,80000s
{c:/tools/TinyTeX/texmf-dist/fonts/enc/dvips/cm-super/cm-super-ts1.enc}<c:/to
ols/TinyTeX/texmf-dist/fonts/type1/public/amsfonts/cm/cmbx12.pfb><c:/tools/Tiny
TeX/texmf-dist/fonts/type1/public/amsfonts/cm/cmex10.pfb><c:/tools/TinyTeX/texm
f-dist/fonts/type1/public/amsfonts/cm/cmmi12.pfb><c:/tools/TinyTeX/texmf-dist/f
onts/type1/public/amsfonts/cm/cmmi8.pfb><c:/tools/TinyTeX/texmf-dist/fonts/type
1/public/amsfonts/cm/cmr12.pfb><c:/tools/TinyTeX/texmf-dist/fonts/type1/public/
amsfonts/cm/cmr17.pfb><c:/tools/TinyTeX/texmf-dist/fonts/type1/public/amsfonts/
cm/cmr8.pfb><c:/tools/TinyTeX/texmf-dist/fonts/type1/public/amsfonts/cm/cmsl12.
pfb><c:/tools/TinyTeX/texmf-dist/fonts/type1/public/amsfonts/cm/cmsy10.pfb><c:/
tools/TinyTeX/texmf-dist/fonts/type1/public/amsfonts/cm/cmsy8.pfb><c:/tools/Tin
yTeX/texmf-dist/fonts/type1/public/amsfonts/cm/cmti12.pfb><c:/tools/TinyTeX/tex
mf-dist/fonts/type1/public/cm-super/sfrm1200.pfb>
Output written on main.pdf (27 pages, 460483 bytes).
PDF statistics:
 356 PDF objects out of 1000 (max. 8388607)
 289 compressed objects within 3 object streams
 77 named destinations out of 1000 (max. 500000)
 240 words of extra memory for PDF output out of 10000 (max. 10000000)

