\BOOKMARK [0][-]{chapter*.1}{\376\377\000P\000r\000e\000f\000a\000c\000e}{}% 1
\BOOKMARK [0][-]{chapter.1}{\376\377\000S\000e\000t\000t\000i\000n\000g\000\040\000t\000h\000i\000n\000g\000s\000\040\000u\000p}{}% 2
\BOOKMARK [1][-]{section.1.1}{\376\377\000I\000n\000s\000t\000a\000l\000l\000i\000n\000g\000\040\000P\000y\000t\000h\000o\000n\000\040\000a\000n\000d\000\040\000J\000u\000p\000y\000t\000e\000r\000\040\000N\000o\000t\000e\000b\000o\000o\000k}{chapter.1}% 3
\BOOKMARK [1][-]{section.1.2}{\376\377\000T\000h\000e\000\040\000C\000o\000m\000m\000a\000n\000d\000\040\000L\000i\000n\000e}{chapter.1}% 4
\BOOKMARK [2][-]{subsection.1.2.1}{\376\377\000H\000o\000w\000\040\000t\000o\000\040\000A\000c\000c\000e\000s\000s\000\040\000T\000e\000r\000m\000i\000n\000a\000l}{section.1.2}% 5
\BOOKMARK [2][-]{subsection.1.2.2}{\376\377\000S\000h\000e\000l\000l\000\040\000C\000o\000m\000m\000a\000n\000d\000s}{section.1.2}% 6
\BOOKMARK [2][-]{subsection.1.2.3}{\376\377\000N\000a\000v\000i\000g\000a\000t\000i\000n\000g\000\040\000w\000i\000t\000h\000\040\000T\000e\000r\000m\000i\000n\000a\000l}{section.1.2}% 7
\BOOKMARK [2][-]{subsection.1.2.4}{\376\377\000S\000h\000e\000l\000l\000\040\000D\000e\000m\000o\000n\000s\000t\000r\000a\000t\000i\000o\000n\000s}{section.1.2}% 8
\BOOKMARK [1][-]{section.1.3}{\376\377\000G\000I\000T}{chapter.1}% 9
\BOOKMARK [0][-]{chapter.2}{\376\377\000P\000y\000t\000h\000o\000n\000\040\000V\000a\000r\000i\000a\000b\000l\000e\000s\000\040\000a\000n\000d\000\040\000D\000a\000t\000a\000\040\000T\000y\000p\000e\000s}{}% 10
\BOOKMARK [0][-]{chapter.3}{\376\377\000C\000o\000n\000t\000r\000o\000l\000\040\000F\000l\000o\000w}{}% 11
\BOOKMARK [1][-]{section.3.1}{\376\377\000C\000o\000n\000d\000i\000t\000i\000o\000n\000a\000l\000\040\000S\000t\000a\000t\000e\000m\000e\000n\000t}{chapter.3}% 12
\BOOKMARK [1][-]{section.3.2}{\376\377\000L\000o\000o\000p}{chapter.3}% 13
\BOOKMARK [0][-]{chapter.4}{\376\377\000L\000i\000s\000t\000\040\000a\000n\000d\000\040\000D\000i\000c\000t\000i\000o\000n\000a\000r\000y}{}% 14
\BOOKMARK [0][-]{chapter.5}{\376\377\000N\000u\000m\000p\000y\000\040\000a\000n\000d\000\040\000M\000a\000t\000p\000l\000o\000t\000l\000i\000b}{}% 15
\BOOKMARK [1][-]{section.5.1}{\376\377\000L\000i\000n\000e\000a\000r\000\040\000A\000l\000g\000e\000b\000r\000a}{chapter.5}% 16
\BOOKMARK [1][-]{section.5.2}{\376\377\000N\000u\000m\000p\000y}{chapter.5}% 17
\BOOKMARK [1][-]{section.5.3}{\376\377\000M\000a\000t\000p\000l\000o\000t\000l\000i\000b}{chapter.5}% 18
\BOOKMARK [1][-]{section.5.4}{\376\377\000S\000e\000a\000b\000o\000r\000n}{chapter.5}% 19
\BOOKMARK [0][-]{chapter.6}{\376\377\000P\000a\000n\000d\000a\000s}{}% 20
\BOOKMARK [1][-]{section.6.1}{\376\377\000I\000n\000t\000r\000o\000d\000u\000c\000t\000i\000o\000n\000\040\000t\000o\000\040\000P\000a\000n\000d\000a\000s}{chapter.6}% 21
\BOOKMARK [1][-]{section.6.2}{\376\377\000E\000D\000A\000\040\000a\000n\000d\000\040\000D\000a\000t\000a\000\040\000C\000l\000e\000a\000n\000i\000n\000g}{chapter.6}% 22
\BOOKMARK [1][-]{section.6.3}{\376\377\000G\000r\000o\000u\000p\000i\000n\000g}{chapter.6}% 23
\BOOKMARK [0][-]{chapter.7}{\376\377\000O\000b\000j\000e\000c\000t\000\040\000O\000r\000i\000e\000n\000t\000e\000d\000\040\000P\000r\000o\000g\000r\000a\000m\000m\000i\000n\000g}{}% 24
\BOOKMARK [1][-]{section.7.1}{\376\377\000P\000y\000t\000h\000o\000n\000\040\000C\000l\000a\000s\000s}{chapter.7}% 25
\BOOKMARK [0][-]{chapter.8}{\376\377\000L\000i\000n\000e\000a\000r\000\040\000R\000e\000g\000r\000e\000s\000s\000i\000o\000n}{}% 26
\BOOKMARK [0][-]{chapter.9}{\376\377\000C\000l\000a\000s\000s\000i\000f\000i\000c\000a\000t\000i\000o\000n}{}% 27
\BOOKMARK [0][-]{chapter.10}{\376\377\000W\000e\000b\000\040\000S\000c\000r\000a\000p\000i\000n\000g}{}% 28
\BOOKMARK [0][-]{chapter.11}{\376\377\000m\000i\000s\000c\000\040\000u\000n\000o\000r\000g\000a\000n\000i\000z\000e\000d\000\040\000s\000t\000u\000f\000f\000s}{}% 29
